# JRE version: Java(TM) SE Runtime Environment (8.0_151-b12) (build 1.8.0_151-b12)
# Java VM: Java HotSpot(TM) 64-Bit Server VM (25.151-b12 mixed mode linux-amd64 compressed oops)
Heap:
 PSYoungGen      total 320512K, used 19448K [0x0000000755580000, 0x000000076a180000, 0x00000007c0000000)
  eden space 301056K, 0% used [0x0000000755580000,0x0000000755580000,0x0000000767b80000)
  from space 19456K, 99% used [0x0000000767b80000,0x0000000768e7e158,0x0000000768e80000)
  to   space 10240K, 0% used [0x0000000769780000,0x0000000769780000,0x000000076a180000)
 ParOldGen       total 269312K, used 123587K [0x0000000680000000, 0x0000000690700000, 0x0000000755580000)
  object space 269312K, 45% used [0x0000000680000000,0x00000006878b0c20,0x0000000690700000)
 Metaspace       used 100849K, capacity 102000K, committed 103256K, reserved 1138688K
  class space    used 12891K, capacity 13531K, committed 13696K, reserved 1048576K
GC Heap History (10 events):
Event: 17.346 GC heap after
Heap after GC invocations=14 (full 3):
 PSYoungGen      total 215040K, used 0K [0x0000000755580000, 0x0000000766200000, 0x00000007c0000000)
  eden space 203264K, 0% used [0x0000000755580000,0x0000000755580000,0x0000000761c00000)
  from space 11776K, 0% used [0x0000000761c00000,0x0000000761c00000,0x0000000762780000)
  to   space 15872K, 0% used [0x0000000765280000,0x0000000765280000,0x0000000766200000)
 ParOldGen       total 124928K, used 27099K [0x0000000680000000, 0x0000000687a00000, 0x0000000755580000)
  object space 124928K, 21% used [0x0000000680000000,0x0000000681a76f40,0x0000000687a00000)
 Metaspace       used 54982K, capacity 55886K, committed 58968K, reserved 1099776K
  class space    used 6706K, capacity 7413K, committed 9600K, reserved 1048576K
}
Event: 19.854 GC heap before
{Heap before GC invocations=15 (full 3):
 PSYoungGen      total 215040K, used 199218K [0x0000000755580000, 0x0000000766200000, 0x00000007c0000000)
  eden space 203264K, 98% used [0x0000000755580000,0x000000076180c9e0,0x0000000761c00000)
  from space 11776K, 0% used [0x0000000761c00000,0x0000000761c00000,0x0000000762780000)
  to   space 15872K, 0% used [0x0000000765280000,0x0000000765280000,0x0000000766200000)
 ParOldGen       total 124928K, used 27099K [0x0000000680000000, 0x0000000687a00000, 0x0000000755580000)
  object space 124928K, 21% used [0x0000000680000000,0x0000000681a76f40,0x0000000687a00000)
 Metaspace       used 65434K, capacity 66510K, committed 68184K, reserved 1107968K
  class space    used 8112K, capacity 8843K, committed 9600K, reserved 1048576K
Event: 19.890 GC heap after
Heap after GC invocations=15 (full 3):
 PSYoungGen      total 257024K, used 14845K [0x0000000755580000, 0x0000000766b80000, 0x00000007c0000000)
  eden space 241152K, 0% used [0x0000000755580000,0x0000000755580000,0x0000000764100000)
  from space 15872K, 93% used [0x0000000765280000,0x00000007660ff630,0x0000000766200000)
  to   space 17920K, 0% used [0x0000000764100000,0x0000000764100000,0x0000000765280000)
 ParOldGen       total 124928K, used 59875K [0x0000000680000000, 0x0000000687a00000, 0x0000000755580000)
  object space 124928K, 47% used [0x0000000680000000,0x0000000683a78f60,0x0000000687a00000)
 Metaspace       used 65434K, capacity 66510K, committed 68184K, reserved 1107968K
  class space    used 8112K, capacity 8843K, committed 9600K, reserved 1048576K
}
Event: 22.672 GC heap before
{Heap before GC invocations=16 (full 3):
 PSYoungGen      total 257024K, used 255997K [0x0000000755580000, 0x0000000766b80000, 0x00000007c0000000)
  eden space 241152K, 100% used [0x0000000755580000,0x0000000764100000,0x0000000764100000)
  from space 15872K, 93% used [0x0000000765280000,0x00000007660ff630,0x0000000766200000)
  to   space 17920K, 0% used [0x0000000764100000,0x0000000764100000,0x0000000765280000)
 ParOldGen       total 124928K, used 59875K [0x0000000680000000, 0x0000000687a00000, 0x0000000755580000)
  object space 124928K, 47% used [0x0000000680000000,0x0000000683a78f60,0x0000000687a00000)
 Metaspace       used 74766K, capacity 75934K, committed 77016K, reserved 1116160K
  class space    used 9021K, capacity 9779K, committed 9984K, reserved 1048576K
Event: 22.786 GC heap after
Heap after GC invocations=16 (full 3):
 PSYoungGen      total 259072K, used 16933K [0x0000000755580000, 0x000000076ab00000, 0x00000007c0000000)
  eden space 241152K, 0% used [0x0000000755580000,0x0000000755580000,0x0000000764100000)
  from space 17920K, 94% used [0x0000000764100000,0x00000007651894f8,0x0000000765280000)
  to   space 19968K, 0% used [0x0000000769780000,0x0000000769780000,0x000000076ab00000)
 ParOldGen       total 124928K, used 109035K [0x0000000680000000, 0x0000000687a00000, 0x0000000755580000)
  object space 124928K, 87% used [0x0000000680000000,0x0000000686a7af90,0x0000000687a00000)
 Metaspace       used 74766K, capacity 75934K, committed 77016K, reserved 1116160K
  class space    used 9021K, capacity 9779K, committed 9984K, reserved 1048576K
}
Event: 22.786 GC heap before
{Heap before GC invocations=17 (full 4):
 PSYoungGen      total 259072K, used 16933K [0x0000000755580000, 0x000000076ab00000, 0x00000007c0000000)
  eden space 241152K, 0% used [0x0000000755580000,0x0000000755580000,0x0000000764100000)
  from space 17920K, 94% used [0x0000000764100000,0x00000007651894f8,0x0000000765280000)
  to   space 19968K, 0% used [0x0000000769780000,0x0000000769780000,0x000000076ab00000)
 ParOldGen       total 124928K, used 109035K [0x0000000680000000, 0x0000000687a00000, 0x0000000755580000)
  object space 124928K, 87% used [0x0000000680000000,0x0000000686a7af90,0x0000000687a00000)
 Metaspace       used 74766K, capacity 75934K, committed 77016K, reserved 1116160K
  class space    used 9021K, capacity 9779K, committed 9984K, reserved 1048576K
Event: 22.931 GC heap after
Heap after GC invocations=17 (full 4):
 PSYoungGen      total 259072K, used 0K [0x0000000755580000, 0x000000076ab00000, 0x00000007c0000000)
  eden space 241152K, 0% used [0x0000000755580000,0x0000000755580000,0x0000000764100000)
  from space 17920K, 0% used [0x0000000764100000,0x0000000764100000,0x0000000765280000)
  to   space 19968K, 0% used [0x0000000769780000,0x0000000769780000,0x000000076ab00000)
 ParOldGen       total 269312K, used 114608K [0x0000000680000000, 0x0000000690700000, 0x0000000755580000)
  object space 269312K, 42% used [0x0000000680000000,0x0000000686fec1b0,0x0000000690700000)
 Metaspace       used 74669K, capacity 75684K, committed 77016K, reserved 1116160K
  class space    used 9000K, capacity 9609K, committed 9984K, reserved 1048576K
}
Event: 25.623 GC heap before
{Heap before GC invocations=18 (full 4):
 PSYoungGen      total 259072K, used 241152K [0x0000000755580000, 0x000000076ab00000, 0x00000007c0000000)
  eden space 241152K, 100% used [0x0000000755580000,0x0000000764100000,0x0000000764100000)
  from space 17920K, 0% used [0x0000000764100000,0x0000000764100000,0x0000000765280000)
  to   space 19968K, 0% used [0x0000000769780000,0x0000000769780000,0x000000076ab00000)
 ParOldGen       total 269312K, used 114608K [0x0000000680000000, 0x0000000690700000, 0x0000000755580000)
  object space 269312K, 42% used [0x0000000680000000,0x0000000686fec1b0,0x0000000690700000)
 Metaspace       used 80133K, capacity 81170K, committed 82520K, reserved 1122304K
  class space    used 9573K, capacity 10166K, committed 10368K, reserved 1048576K
Event: 25.640 GC heap after
Heap after GC invocations=18 (full 4):
 PSYoungGen      total 311296K, used 6352K [0x0000000755580000, 0x000000076a180000, 0x00000007c0000000)
  eden space 301056K, 0% used [0x0000000755580000,0x0000000755580000,0x0000000767b80000)
  from space 10240K, 62% used [0x0000000769780000,0x0000000769db4150,0x000000076a180000)
  to   space 19456K, 0% used [0x0000000767b80000,0x0000000767b80000,0x0000000768e80000)
 ParOldGen       total 269312K, used 114616K [0x0000000680000000, 0x0000000690700000, 0x0000000755580000)
  object space 269312K, 42% used [0x0000000680000000,0x0000000686fee1b0,0x0000000690700000)
 Metaspace       used 80133K, capacity 81170K, committed 82520K, reserved 1122304K
  class space    used 9573K, capacity 10166K, committed 10368K, reserved 1048576K
}
Event: 30.926 GC heap before
{Heap before GC invocations=19 (full 4):
 PSYoungGen      total 311296K, used 307408K [0x0000000755580000, 0x000000076a180000, 0x00000007c0000000)
  eden space 301056K, 100% used [0x0000000755580000,0x0000000767b80000,0x0000000767b80000)
  from space 10240K, 62% used [0x0000000769780000,0x0000000769db4150,0x000000076a180000)
  to   space 19456K, 0% used [0x0000000767b80000,0x0000000767b80000,0x0000000768e80000)
 ParOldGen       total 269312K, used 114616K [0x0000000680000000, 0x0000000690700000, 0x0000000755580000)
  object space 269312K, 42% used [0x0000000680000000,0x0000000686fee1b0,0x0000000690700000)
 Metaspace       used 100849K, capacity 102000K, committed 103256K, reserved 1138688K
  class space    used 12891K, capacity 13531K, committed 13696K, reserved 1048576K

